RAG Knowledge Base — test report
Captured: 2026-07-01 (docker compose run --rm api pytest -v)
========================================================================

============================= test session starts ==============================
platform linux -- Python 3.11.15, pytest-9.1.1, pluggy-1.6.0 -- /usr/local/bin/python3.11
cachedir: .pytest_cache
rootdir: /app
configfile: pytest.ini
testpaths: tests
plugins: anyio-4.14.1
collecting ... collected 96 items

tests/test_chat.py::test_build_messages_structure_and_citations PASSED   [  1%]
tests/test_chat.py::test_no_context_message_is_embedded_in_system_prompt PASSED [  2%]
tests/test_chat.py::test_stream_no_context_path PASSED                   [  3%]
tests/test_chat.py::test_stream_with_context_mocked PASSED               [  4%]
tests/test_chat.py::test_stream_missing_api_key_errors PASSED            [  5%]
tests/test_chat.py::test_chat_empty_message_422 PASSED                   [  6%]
tests/test_chat.py::test_chat_empty_session_422 PASSED                   [  7%]
tests/test_chat.py::test_build_messages_sanitizes_history PASSED         [  8%]
tests/test_chat.py::test_retrieve_empty_collection PASSED                [  9%]
tests/test_chat.py::test_retrieve_relevant_passes_threshold PASSED       [ 10%]
tests/test_chat.py::test_retrieve_below_threshold_returns_empty PASSED   [ 11%]
tests/test_chat.py::test_stream_midstream_error_still_emits_citations_and_done PASSED [ 12%]
tests/test_chat.py::test_stream_empty_completion_falls_back PASSED       [ 13%]
tests/test_chat.py::test_build_messages_trims_to_token_budget PASSED     [ 14%]
tests/test_chat.py::test_chat_retrieval_failure_streams_error_not_500 PASSED [ 15%]
tests/test_chunker.py::test_chunk_count_no_overlap PASSED                [ 16%]
tests/test_chunker.py::test_chunk_overlap_shares_text PASSED             [ 17%]
tests/test_chunker.py::test_chunk_never_exceeds_max PASSED               [ 18%]
tests/test_chunker.py::test_chunk_page_metadata_spans_pages PASSED       [ 19%]
tests/test_chunker.py::test_short_doc_single_chunk PASSED                [ 20%]
tests/test_chunker.py::test_empty_input_no_chunks PASSED                 [ 21%]
tests/test_config.py::test_mask_helper PASSED                            [ 22%]
tests/test_config.py::test_get_config_defaults PASSED                    [ 23%]
tests/test_config.py::test_post_saves_and_masks_secrets PASSED           [ 25%]
tests/test_config.py::test_post_invalid_service_account_json_422 PASSED  [ 26%]
tests/test_config.py::test_post_service_account_missing_keys_422 PASSED  [ 27%]
tests/test_config.py::test_post_service_account_non_object_json_422 PASSED [ 28%]
tests/test_config.py::test_post_top_k_must_be_positive_422 PASSED        [ 29%]
tests/test_config.py::test_blank_secret_leaves_existing_unchanged PASSED [ 30%]
tests/test_docx_parser.py::test_extract_pages_returns_single_page_with_text PASSED [ 31%]
tests/test_docx_parser.py::test_extract_pages_includes_table_cells PASSED [ 32%]
tests/test_docx_parser.py::test_extract_pages_skips_blank_paragraphs PASSED [ 33%]
tests/test_docx_parser.py::test_extract_pages_dedupes_merged_table_cells PASSED [ 34%]
tests/test_docx_parser.py::test_extract_pages_raises_on_corrupt_bytes PASSED [ 35%]
tests/test_drive_client.py::test_extract_from_folder_url PASSED          [ 36%]
tests/test_drive_client.py::test_extract_from_folder_url_with_query PASSED [ 37%]
tests/test_drive_client.py::test_extract_from_open_id_link PASSED        [ 38%]
tests/test_drive_client.py::test_bare_id_passthrough PASSED              [ 39%]
tests/test_drive_client.py::test_empty_passthrough PASSED                [ 40%]
tests/test_drive_client.py::test_missing_credentials_raises_auth_error PASSED [ 41%]
tests/test_drive_client.py::test_malformed_service_account_info_raises_auth_error PASSED [ 42%]
tests/test_drive_client.py::test_explain_http_error_maps_status_codes PASSED [ 43%]
tests/test_e2e.py::test_e2e_sync_ingests_embeds_and_flags_scanned PASSED [ 44%]
tests/test_e2e.py::test_e2e_search_returns_relevant PASSED               [ 45%]
tests/test_e2e.py::test_e2e_chat_grounded_with_citations PASSED          [ 46%]
tests/test_e2e.py::test_e2e_chat_no_context_refuses PASSED               [ 47%]
tests/test_e2e.py::test_e2e_resync_skips_unchanged PASSED                [ 48%]
tests/test_e2e.py::test_e2e_modified_file_reembeds PASSED                [ 50%]
tests/test_e2e.py::test_e2e_deleted_file_removes_chunks PASSED           [ 51%]
tests/test_e2e.py::test_e2e_renamed_file_updates_metadata_no_reembed PASSED [ 52%]
tests/test_e2e.py::test_e2e_sync_preflight_422_when_unconfigured PASSED  [ 53%]
tests/test_e2e.py::test_e2e_sync_auth_failure_returns_error_dict PASSED  [ 54%]
tests/test_e2e.py::test_e2e_chat_midstream_error_over_http PASSED        [ 55%]
tests/test_e2e.py::test_e2e_chat_multiturn_replays_history PASSED        [ 56%]
tests/test_e2e.py::test_e2e_data_persists_across_client_reopen PASSED    [ 57%]
tests/test_e2e.py::test_e2e_embedding_model_change_triggers_reindex PASSED [ 58%]
tests/test_e2e.py::test_e2e_table_pdf_extracted_and_searchable PASSED    [ 59%]
tests/test_e2e.py::test_e2e_docx_ingested_and_searchable PASSED          [ 60%]
tests/test_e2e.py::test_e2e_pdf_named_docx_uses_mime_not_extension PASSED [ 61%]
tests/test_e2e.py::test_e2e_progress_cb_reports_each_file PASSED         [ 62%]
tests/test_embedding.py::test_embedding_dimension_is_384 PASSED          [ 63%]
tests/test_embedding.py::test_embed_texts_batch_length_and_dim PASSED    [ 64%]
tests/test_embedding.py::test_embedding_is_deterministic PASSED          [ 65%]
tests/test_embedding.py::test_empty_input_returns_empty PASSED           [ 66%]
tests/test_health.py::test_health_ok PASSED                              [ 67%]
tests/test_reranker.py::test_candidate_count_widens_only_when_enabled PASSED [ 68%]
tests/test_reranker.py::test_rerank_disabled_is_passthrough PASSED       [ 69%]
tests/test_reranker.py::test_rerank_reorders_by_relevance PASSED         [ 70%]
tests/test_reranker.py::test_search_endpoint_applies_reranking PASSED    [ 71%]
tests/test_retrieval.py::test_retrieval_returns_relevant_chunk PASSED    [ 72%]
tests/test_retrieval.py::test_topk_and_file_filter PASSED                [ 73%]
tests/test_retrieval.py::test_delete_file_removes_chunks PASSED          [ 75%]
tests/test_scheduler.py::test_state_exposes_last_auto_sync PASSED        [ 76%]
tests/test_scheduler.py::test_migrate_adds_auto_sync_column PASSED       [ 77%]
tests/test_scheduler.py::test_config_ready_false_when_unconfigured PASSED [ 78%]
tests/test_scheduler.py::test_config_ready_true_when_configured PASSED   [ 79%]
tests/test_scheduler.py::test_auto_sync_skips_when_unconfigured PASSED   [ 80%]
tests/test_scheduler.py::test_trigger_sync_clears_running_if_enqueue_fails PASSED [ 81%]
tests/test_scheduler.py::test_auto_sync_runs_and_records_time PASSED     [ 82%]
tests/test_scheduler.py::test_auto_sync_skips_when_disabled PASSED       [ 83%]
tests/test_scheduler.py::test_set_auto_sync_persists_to_config PASSED    [ 84%]
tests/test_scheduler.py::test_sync_resets_progress_to_none_when_done PASSED [ 85%]
tests/test_search.py::test_search_returns_relevant PASSED                [ 86%]
tests/test_search.py::test_search_respects_top_k_and_filter PASSED       [ 87%]
tests/test_search.py::test_search_empty_query_422 PASSED                 [ 88%]
tests/test_search.py::test_search_empty_collection PASSED                [ 89%]
tests/test_sync_diff.py::test_compute_diff_classifies_all_cases PASSED   [ 90%]
tests/test_sync_diff.py::test_compute_diff_empty_tracked_all_added PASSED [ 91%]
tests/test_sync_diff.py::test_compute_diff_empty_drive_all_deleted PASSED [ 92%]
tests/test_sync_diff.py::test_modifiedtime_fallback_when_md5_absent PASSED [ 93%]
tests/test_sync_routes.py::test_sync_status_exposes_auto_sync_fields PASSED [ 94%]
tests/test_sync_routes.py::test_auto_sync_route_toggles_and_persists PASSED [ 95%]
tests/test_sync_routes.py::test_auto_sync_route_requires_enabled_field PASSED [ 96%]
tests/test_sync_routes.py::test_sync_stream_idle_emits_progress_then_done PASSED [ 97%]
tests/test_sync_routes.py::test_sync_stream_reports_progress_until_done PASSED [ 98%]
tests/test_sync_routes.py::test_sync_stream_done_flags_still_running_when_capped PASSED [100%]

=============================== warnings summary ===============================
../usr/local/lib/python3.11/site-packages/fastapi/testclient.py:1
  /usr/local/lib/python3.11/site-packages/fastapi/testclient.py:1: StarletteDeprecationWarning: Using `httpx` with `starlette.testclient` is deprecated; install `httpx2` instead.
    from starlette.testclient import TestClient as TestClient  # noqa

tests/test_e2e.py::test_e2e_sync_preflight_422_when_unconfigured
  /usr/local/lib/python3.11/site-packages/anyio/_backends/_asyncio.py:1029: StarletteDeprecationWarning: 'HTTP_422_UNPROCESSABLE_ENTITY' is deprecated. Use 'HTTP_422_UNPROCESSABLE_CONTENT' instead.
    result = context.run(func, *args)

-- Docs: https://docs.pytest.org/en/stable/how-to/capture-warnings.html
======================= 96 passed, 2 warnings in 31.02s ========================
